2017-08-24 15:17:44,967 INFO  [BanqueImpl] getNom appelé avec en paramètres : []
2017-08-24 15:17:44,968 INFO  [BanqueImpl] getCodeBanque appelé avec en paramètres : []
2017-08-24 15:17:44,969 INFO  [BanqueImpl] getLesComptes appelé avec en paramètres : []
2017-08-24 15:17:45,113 INFO  [BanqueImpl] ouvrirCompteEpargne appelé avec en paramètres : [100.0, 0.2]
2017-08-24 15:17:45,145 INFO  [BanqueImpl] getLesComptes appelé avec en paramètres : []
2017-08-24 15:17:45,175 INFO  [BanqueImpl] rechercherCompte appelé avec en paramètres : [1]
2017-08-24 15:17:45,181 INFO  [BanqueImpl] getNom appelé avec en paramètres : []
2017-08-24 15:17:45,181 INFO  [BanqueImpl] getCodeBanque appelé avec en paramètres : []
2017-08-24 15:17:45,182 INFO  [BanqueImpl] ouvrirCompte appelé avec en paramètres : [100.0]
2017-08-24 15:17:45,183 INFO  [BanqueImpl] ouvrirCompte appelé avec en paramètres : [100.0]
2017-08-24 15:17:45,185 INFO  [BanqueImpl] effectuerVirement appelé avec en paramètres : [2, 100.0, 3]
2017-08-24 15:17:45,185 INFO  [BanqueImpl] rechercherCompte appelé avec en paramètres : [2]
2017-08-24 15:17:45,185 INFO  [BanqueImpl] rechercherCompte appelé avec en paramètres : [3]
2017-08-24 15:17:45,198 INFO  [BanqueImpl] getNom appelé avec en paramètres : []
2017-08-24 15:17:45,198 INFO  [BanqueImpl] getCodeBanque appelé avec en paramètres : []
2017-08-24 15:17:45,199 INFO  [BanqueImpl] getLesComptes appelé avec en paramètres : []
2017-08-24 15:17:45,202 INFO  [BanqueImpl] ouvrirCompte appelé avec en paramètres : [100.0]
2017-08-24 15:17:45,203 INFO  [BanqueImpl] getLesComptes appelé avec en paramètres : []
2017-08-24 15:17:45,208 INFO  [BanqueImpl] rechercherCompte appelé avec en paramètres : [4]
2017-08-24 15:17:45,211 INFO  [BanqueImpl] getNom appelé avec en paramètres : []
2017-08-24 15:17:45,211 INFO  [BanqueImpl] getCodeBanque appelé avec en paramètres : []
2017-08-24 15:17:45,211 INFO  [BanqueImpl] getLesComptes appelé avec en paramètres : []
2017-08-24 15:17:45,214 INFO  [BanqueImpl] fermerCompte appelé avec en paramètres : [1]
2017-08-24 15:17:45,220 INFO  [BanqueImpl] fermerCompte appelé avec en paramètres : [2]
2017-08-24 15:17:45,221 INFO  [BanqueImpl] fermerCompte appelé avec en paramètres : [3]
2017-08-24 15:17:45,222 INFO  [BanqueImpl] fermerCompte appelé avec en paramètres : [4]
2017-08-24 15:17:45,222 INFO  [BanqueImpl] getLesComptes appelé avec en paramètres : []
2017-08-24 15:23:45,722 INFO  [BanqueImpl] getNom appelé avec en paramètres : []
2017-08-24 15:23:45,724 INFO  [BanqueImpl] getCodeBanque appelé avec en paramètres : []
2017-08-24 15:23:45,724 INFO  [BanqueImpl] getLesComptes appelé avec en paramètres : []
2017-08-24 15:23:45,904 INFO  [BanqueImpl] ouvrirCompte appelé avec en paramètres : [100.0]
2017-08-24 15:23:45,935 INFO  [BanqueImpl] getLesComptes appelé avec en paramètres : []
2017-08-24 15:23:45,972 INFO  [BanqueImpl] rechercherCompte appelé avec en paramètres : [1]
2017-08-24 15:23:45,979 INFO  [BanqueImpl] getNom appelé avec en paramètres : []
2017-08-24 15:23:45,980 INFO  [BanqueImpl] getCodeBanque appelé avec en paramètres : []
2017-08-24 15:23:45,980 INFO  [BanqueImpl] getLesComptes appelé avec en paramètres : []
2017-08-24 15:23:45,982 INFO  [BanqueImpl] fermerCompte appelé avec en paramètres : [1]
2017-08-24 15:23:45,991 INFO  [BanqueImpl] getLesComptes appelé avec en paramètres : []
2017-08-24 15:23:45,999 INFO  [BanqueImpl] getNom appelé avec en paramètres : []
2017-08-24 15:23:46,000 INFO  [BanqueImpl] getCodeBanque appelé avec en paramètres : []
2017-08-24 15:23:46,000 INFO  [BanqueImpl] getLesComptes appelé avec en paramètres : []
2017-08-24 15:23:46,002 INFO  [BanqueImpl] ouvrirCompteEpargne appelé avec en paramètres : [100.0, 0.2]
2017-08-24 15:23:46,004 INFO  [BanqueImpl] getLesComptes appelé avec en paramètres : []
2017-08-24 15:23:46,010 INFO  [BanqueImpl] rechercherCompte appelé avec en paramètres : [2]
2017-08-24 15:23:46,013 INFO  [BanqueImpl] getNom appelé avec en paramètres : []
2017-08-24 15:23:46,013 INFO  [BanqueImpl] getCodeBanque appelé avec en paramètres : []
2017-08-24 15:23:46,013 INFO  [BanqueImpl] ouvrirCompte appelé avec en paramètres : [100.0]
2017-08-24 15:23:46,015 INFO  [BanqueImpl] ouvrirCompte appelé avec en paramètres : [100.0]
2017-08-24 15:23:46,017 INFO  [BanqueImpl] effectuerVirement appelé avec en paramètres : [3, 100.0, 4]
2017-08-24 15:23:46,018 INFO  [BanqueImpl] rechercherCompte appelé avec en paramètres : [3]
2017-08-24 15:23:46,018 INFO  [BanqueImpl] rechercherCompte appelé avec en paramètres : [4]
2017-08-24 15:55:01,409 INFO  [BanqueImpl] getNom appelé avec en paramètres : []
2017-08-24 15:55:01,411 INFO  [BanqueImpl] getCodeBanque appelé avec en paramètres : []
2017-08-24 15:55:01,414 INFO  [BanqueImpl] getLesComptes appelé avec en paramètres : []
2017-08-24 15:55:01,584 INFO  [BanqueImpl] ouvrirCompte appelé avec en paramètres : [100.0]
2017-08-24 15:55:01,656 INFO  [BanqueImpl] getLesComptes appelé avec en paramètres : []
2017-08-24 15:55:01,663 INFO  [BanqueImpl] rechercherCompte appelé avec en paramètres : [1]
2017-08-24 15:55:01,672 INFO  [BanqueImpl] getNom appelé avec en paramètres : []
2017-08-24 15:55:01,673 INFO  [BanqueImpl] getCodeBanque appelé avec en paramètres : []
2017-08-24 15:55:01,674 INFO  [BanqueImpl] getLesComptes appelé avec en paramètres : []
2017-08-24 15:55:01,677 INFO  [BanqueImpl] fermerCompte appelé avec en paramètres : [1]
2017-08-24 15:55:01,690 INFO  [BanqueImpl] getLesComptes appelé avec en paramètres : []
2017-08-24 15:55:01,693 INFO  [BanqueImpl] getNom appelé avec en paramètres : []
2017-08-24 15:55:01,694 INFO  [BanqueImpl] getCodeBanque appelé avec en paramètres : []
2017-08-24 15:55:01,694 INFO  [BanqueImpl] getLesComptes appelé avec en paramètres : []
2017-08-24 15:55:01,697 INFO  [BanqueImpl] ouvrirCompteEpargne appelé avec en paramètres : [100.0, 0.2]
2017-08-24 15:55:01,705 INFO  [BanqueImpl] getLesComptes appelé avec en paramètres : []
2017-08-24 15:55:01,711 INFO  [BanqueImpl] rechercherCompte appelé avec en paramètres : [2]
2017-08-24 15:55:01,716 INFO  [BanqueImpl] getNom appelé avec en paramètres : []
2017-08-24 15:55:01,718 INFO  [BanqueImpl] getCodeBanque appelé avec en paramètres : []
2017-08-24 15:55:01,725 INFO  [BanqueImpl] ouvrirCompte appelé avec en paramètres : [100.0]
2017-08-24 15:55:01,734 INFO  [BanqueImpl] ouvrirCompte appelé avec en paramètres : [100.0]
2017-08-24 15:55:01,744 INFO  [BanqueImpl] effectuerVirement appelé avec en paramètres : [3, 100.0, 4]
2017-08-24 15:55:01,754 INFO  [BanqueImpl] rechercherCompte appelé avec en paramètres : [3]
2017-08-24 15:55:01,755 INFO  [BanqueImpl] rechercherCompte appelé avec en paramètres : [4]
2017-08-24 16:23:33,288 INFO  [BanqueImpl] getNom appelé avec en paramètres : []
2017-08-24 16:23:33,352 INFO  [BanqueImpl] getCodeBanque appelé avec en paramètres : []
2017-08-24 16:23:33,354 INFO  [BanqueImpl] getLesComptes appelé avec en paramètres : []
2017-08-24 16:23:33,540 INFO  [BanqueImpl] ouvrirCompte appelé avec en paramètres : [100.0]
2017-08-24 16:23:33,622 INFO  [BanqueImpl] getLesComptes appelé avec en paramètres : []
2017-08-24 16:23:33,635 INFO  [BanqueImpl] rechercherCompte appelé avec en paramètres : [1]
2017-08-24 16:23:33,652 INFO  [BanqueImpl] getNom appelé avec en paramètres : []
2017-08-24 16:23:33,653 INFO  [BanqueImpl] getCodeBanque appelé avec en paramètres : []
2017-08-24 16:23:33,654 INFO  [BanqueImpl] getLesComptes appelé avec en paramètres : []
2017-08-24 16:23:33,657 INFO  [BanqueImpl] ouvrirCompteEpargne appelé avec en paramètres : [100.0, 0.2]
2017-08-24 16:23:33,664 INFO  [BanqueImpl] getLesComptes appelé avec en paramètres : []
2017-08-24 16:23:33,676 INFO  [BanqueImpl] rechercherCompte appelé avec en paramètres : [2]
2017-08-24 16:23:33,680 INFO  [BanqueImpl] getNom appelé avec en paramètres : []
2017-08-24 16:23:33,682 INFO  [BanqueImpl] getCodeBanque appelé avec en paramètres : []
2017-08-24 16:23:33,683 INFO  [BanqueImpl] ouvrirCompte appelé avec en paramètres : [100.0]
2017-08-24 16:23:33,692 INFO  [BanqueImpl] ouvrirCompte appelé avec en paramètres : [100.0]
2017-08-24 16:23:33,699 INFO  [BanqueImpl] effectuerVirement appelé avec en paramètres : [3, 100.0, 4]
2017-08-24 16:23:33,727 INFO  [BanqueImpl] rechercherCompte appelé avec en paramètres : [3]
2017-08-24 16:23:33,731 INFO  [BanqueImpl] rechercherCompte appelé avec en paramètres : [4]
2017-08-24 16:23:33,735 INFO  [BanqueImpl] getNom appelé avec en paramètres : []
2017-08-24 16:23:33,736 INFO  [BanqueImpl] getCodeBanque appelé avec en paramètres : []
2017-08-24 16:23:33,737 INFO  [BanqueImpl] getLesComptes appelé avec en paramètres : []
2017-08-24 16:23:33,743 INFO  [BanqueImpl] fermerCompte appelé avec en paramètres : [1]
2017-08-24 16:23:33,763 INFO  [BanqueImpl] fermerCompte appelé avec en paramètres : [2]
2017-08-24 16:23:33,778 INFO  [BanqueImpl] fermerCompte appelé avec en paramètres : [3]
2017-08-24 16:23:33,788 INFO  [BanqueImpl] fermerCompte appelé avec en paramètres : [4]
2017-08-24 16:23:33,805 INFO  [BanqueImpl] getLesComptes appelé avec en paramètres : []
2017-08-24 16:25:06,639 INFO  [BanqueImpl] getNom appelé avec en paramètres : []
2017-08-24 16:25:06,697 INFO  [BanqueImpl] getCodeBanque appelé avec en paramètres : []
2017-08-24 16:25:06,700 INFO  [BanqueImpl] getLesComptes appelé avec en paramètres : []
2017-08-24 16:25:06,867 INFO  [BanqueImpl] ouvrirCompte appelé avec en paramètres : [100.0]
2017-08-24 16:25:06,945 INFO  [BanqueImpl] getLesComptes appelé avec en paramètres : []
2017-08-24 16:25:06,958 INFO  [BanqueImpl] rechercherCompte appelé avec en paramètres : [1]
2017-08-24 16:25:06,974 INFO  [BanqueImpl] getNom appelé avec en paramètres : []
2017-08-24 16:25:06,976 INFO  [BanqueImpl] getCodeBanque appelé avec en paramètres : []
2017-08-24 16:25:06,977 INFO  [BanqueImpl] getLesComptes appelé avec en paramètres : []
2017-08-24 16:25:06,980 INFO  [BanqueImpl] fermerCompte appelé avec en paramètres : [1]
2017-08-24 16:25:07,006 INFO  [BanqueImpl] getLesComptes appelé avec en paramètres : []
2017-08-24 16:25:07,010 INFO  [BanqueImpl] getNom appelé avec en paramètres : []
2017-08-24 16:25:07,011 INFO  [BanqueImpl] getCodeBanque appelé avec en paramètres : []
2017-08-24 16:25:07,012 INFO  [BanqueImpl] getLesComptes appelé avec en paramètres : []
2017-08-24 16:25:07,014 INFO  [BanqueImpl] ouvrirCompteEpargne appelé avec en paramètres : [100.0, 0.2]
2017-08-24 16:25:07,021 INFO  [BanqueImpl] getLesComptes appelé avec en paramètres : []
2017-08-24 16:25:07,026 INFO  [BanqueImpl] rechercherCompte appelé avec en paramètres : [2]
2017-08-24 16:25:07,030 INFO  [BanqueImpl] getNom appelé avec en paramètres : []
2017-08-24 16:25:07,031 INFO  [BanqueImpl] getCodeBanque appelé avec en paramètres : []
2017-08-24 16:25:07,032 INFO  [BanqueImpl] ouvrirCompte appelé avec en paramètres : [100.0]
2017-08-24 16:25:07,037 INFO  [BanqueImpl] ouvrirCompte appelé avec en paramètres : [100.0]
2017-08-24 16:25:07,044 INFO  [BanqueImpl] effectuerVirement appelé avec en paramètres : [3, 100.0, 4]
2017-08-24 16:25:07,067 INFO  [BanqueImpl] rechercherCompte appelé avec en paramètres : [3]
2017-08-24 16:25:07,071 INFO  [BanqueImpl] rechercherCompte appelé avec en paramètres : [4]
