2017-08-24 15:23:45,726 INFO  [CompteDaoJpa] LoadAll appelé avec en paramètres : []
2017-08-24 15:23:45,905 INFO  [CompteDaoJpa] save appelé avec en paramètres : [No=1 solde=100.0 decouvert autorisé=100.0]
2017-08-24 15:23:45,935 INFO  [CompteDaoJpa] LoadAll appelé avec en paramètres : []
2017-08-24 15:23:45,973 INFO  [CompteDaoJpa] load appelé avec en paramètres : [1]
2017-08-24 15:23:45,980 INFO  [CompteDaoJpa] LoadAll appelé avec en paramètres : []
2017-08-24 15:23:45,983 INFO  [CompteDaoJpa] load appelé avec en paramètres : [1]
2017-08-24 15:23:45,984 INFO  [CompteDaoJpa] delete appelé avec en paramètres : [No=1 solde=100.0 decouvert autorisé=100.0]
2017-08-24 15:23:45,991 INFO  [CompteDaoJpa] LoadAll appelé avec en paramètres : []
2017-08-24 15:23:46,000 INFO  [CompteDaoJpa] LoadAll appelé avec en paramètres : []
2017-08-24 15:23:46,003 INFO  [CompteDaoJpa] save appelé avec en paramètres : [No=2 solde=100.0 decouvert autorisé=0.0 taux= 0.2cumul des intérets0.0]
2017-08-24 15:23:46,005 INFO  [CompteDaoJpa] LoadAll appelé avec en paramètres : []
2017-08-24 15:23:46,010 INFO  [CompteDaoJpa] load appelé avec en paramètres : [2]
2017-08-24 15:23:46,013 INFO  [CompteDaoJpa] save appelé avec en paramètres : [No=3 solde=100.0 decouvert autorisé=100.0]
2017-08-24 15:23:46,015 INFO  [CompteDaoJpa] save appelé avec en paramètres : [No=4 solde=100.0 decouvert autorisé=100.0]
2017-08-24 15:23:46,017 INFO  [CompteDaoJpa] load appelé avec en paramètres : [3]
2017-08-24 15:23:46,018 INFO  [CompteDaoJpa] load appelé avec en paramètres : [4]
2017-08-24 15:23:46,018 INFO  [CompteDaoJpa] load appelé avec en paramètres : [3]
2017-08-24 15:23:46,019 INFO  [CompteDaoJpa] load appelé avec en paramètres : [4]
2017-08-24 15:55:01,416 INFO  [CompteDaoJpa] LoadAll appelé avec en paramètres : []
2017-08-24 15:55:01,585 INFO  [CompteDaoJpa] save appelé avec en paramètres : [No=1 solde=100.0 decouvert autorisé=100.0]
2017-08-24 15:55:01,656 INFO  [CompteDaoJpa] LoadAll appelé avec en paramètres : []
2017-08-24 15:55:01,664 INFO  [CompteDaoJpa] load appelé avec en paramètres : [1]
2017-08-24 15:55:01,674 INFO  [CompteDaoJpa] LoadAll appelé avec en paramètres : []
2017-08-24 15:55:01,678 INFO  [CompteDaoJpa] load appelé avec en paramètres : [1]
2017-08-24 15:55:01,679 INFO  [CompteDaoJpa] delete appelé avec en paramètres : [No=1 solde=100.0 decouvert autorisé=100.0]
2017-08-24 15:55:01,690 INFO  [CompteDaoJpa] LoadAll appelé avec en paramètres : []
2017-08-24 15:55:01,694 INFO  [CompteDaoJpa] LoadAll appelé avec en paramètres : []
2017-08-24 15:55:01,698 INFO  [CompteDaoJpa] save appelé avec en paramètres : [No=2 solde=100.0 decouvert autorisé=0.0 taux= 0.2cumul des intérets0.0]
2017-08-24 15:55:01,705 INFO  [CompteDaoJpa] LoadAll appelé avec en paramètres : []
2017-08-24 15:55:01,712 INFO  [CompteDaoJpa] load appelé avec en paramètres : [2]
2017-08-24 15:55:01,726 INFO  [CompteDaoJpa] save appelé avec en paramètres : [No=3 solde=100.0 decouvert autorisé=100.0]
2017-08-24 15:55:01,734 INFO  [CompteDaoJpa] save appelé avec en paramètres : [No=4 solde=100.0 decouvert autorisé=100.0]
2017-08-24 15:55:01,744 INFO  [CompteDaoJpa] load appelé avec en paramètres : [3]
2017-08-24 15:55:01,744 INFO  [CompteDaoJpa] load appelé avec en paramètres : [4]
2017-08-24 15:55:01,754 INFO  [CompteDaoJpa] load appelé avec en paramètres : [3]
2017-08-24 15:55:01,756 INFO  [CompteDaoJpa] load appelé avec en paramètres : [4]
2017-08-24 16:23:33,356 INFO  [CompteDaoJpaWithSpring] LoadAll appelé avec en paramètres : []
2017-08-24 16:23:33,542 INFO  [CompteDaoJpaWithSpring] save appelé avec en paramètres : [No=1 solde=100.0 decouvert autorisé=100.0]
2017-08-24 16:23:33,622 INFO  [CompteDaoJpaWithSpring] LoadAll appelé avec en paramètres : []
2017-08-24 16:23:33,636 INFO  [CompteDaoJpaWithSpring] load appelé avec en paramètres : [1]
2017-08-24 16:23:33,654 INFO  [CompteDaoJpaWithSpring] LoadAll appelé avec en paramètres : []
2017-08-24 16:23:33,658 INFO  [CompteDaoJpaWithSpring] save appelé avec en paramètres : [No=2 solde=100.0 decouvert autorisé=0.0 taux= 0.2cumul des intérets0.0]
2017-08-24 16:23:33,665 INFO  [CompteDaoJpaWithSpring] LoadAll appelé avec en paramètres : []
2017-08-24 16:23:33,676 INFO  [CompteDaoJpaWithSpring] load appelé avec en paramètres : [2]
2017-08-24 16:23:33,683 INFO  [CompteDaoJpaWithSpring] save appelé avec en paramètres : [No=3 solde=100.0 decouvert autorisé=100.0]
2017-08-24 16:23:33,693 INFO  [CompteDaoJpaWithSpring] save appelé avec en paramètres : [No=4 solde=100.0 decouvert autorisé=100.0]
2017-08-24 16:23:33,699 INFO  [CompteDaoJpaWithSpring] load appelé avec en paramètres : [3]
2017-08-24 16:23:33,711 INFO  [CompteDaoJpaWithSpring] load appelé avec en paramètres : [4]
2017-08-24 16:23:33,727 INFO  [CompteDaoJpaWithSpring] load appelé avec en paramètres : [3]
2017-08-24 16:23:33,731 INFO  [CompteDaoJpaWithSpring] load appelé avec en paramètres : [4]
2017-08-24 16:23:33,737 INFO  [CompteDaoJpaWithSpring] LoadAll appelé avec en paramètres : []
2017-08-24 16:23:33,743 INFO  [CompteDaoJpaWithSpring] load appelé avec en paramètres : [1]
2017-08-24 16:23:33,747 INFO  [CompteDaoJpaWithSpring] delete appelé avec en paramètres : [No=1 solde=100.0 decouvert autorisé=100.0]
2017-08-24 16:23:33,765 INFO  [CompteDaoJpaWithSpring] load appelé avec en paramètres : [2]
2017-08-24 16:23:33,770 INFO  [CompteDaoJpaWithSpring] delete appelé avec en paramètres : [No=2 solde=100.0 decouvert autorisé=0.0 taux= 0.2cumul des intérets0.0]
2017-08-24 16:23:33,778 INFO  [CompteDaoJpaWithSpring] load appelé avec en paramètres : [3]
2017-08-24 16:23:33,780 INFO  [CompteDaoJpaWithSpring] delete appelé avec en paramètres : [No=3 solde=0.0 decouvert autorisé=100.0]
2017-08-24 16:23:33,788 INFO  [CompteDaoJpaWithSpring] load appelé avec en paramètres : [4]
2017-08-24 16:23:33,793 INFO  [CompteDaoJpaWithSpring] delete appelé avec en paramètres : [No=4 solde=200.0 decouvert autorisé=100.0]
2017-08-24 16:23:33,805 INFO  [CompteDaoJpaWithSpring] LoadAll appelé avec en paramètres : []
2017-08-24 16:25:06,702 INFO  [CompteDaoJpaWithSpring] LoadAll appelé avec en paramètres : []
2017-08-24 16:25:06,868 INFO  [CompteDaoJpaWithSpring] save appelé avec en paramètres : [No=1 solde=100.0 decouvert autorisé=100.0]
2017-08-24 16:25:06,945 INFO  [CompteDaoJpaWithSpring] LoadAll appelé avec en paramètres : []
2017-08-24 16:25:06,958 INFO  [CompteDaoJpaWithSpring] load appelé avec en paramètres : [1]
2017-08-24 16:25:06,977 INFO  [CompteDaoJpaWithSpring] LoadAll appelé avec en paramètres : []
2017-08-24 16:25:06,981 INFO  [CompteDaoJpaWithSpring] load appelé avec en paramètres : [1]
2017-08-24 16:25:06,983 INFO  [CompteDaoJpaWithSpring] delete appelé avec en paramètres : [No=1 solde=100.0 decouvert autorisé=100.0]
2017-08-24 16:25:07,006 INFO  [CompteDaoJpaWithSpring] LoadAll appelé avec en paramètres : []
2017-08-24 16:25:07,012 INFO  [CompteDaoJpaWithSpring] LoadAll appelé avec en paramètres : []
2017-08-24 16:25:07,015 INFO  [CompteDaoJpaWithSpring] save appelé avec en paramètres : [No=2 solde=100.0 decouvert autorisé=0.0 taux= 0.2cumul des intérets0.0]
2017-08-24 16:25:07,022 INFO  [CompteDaoJpaWithSpring] LoadAll appelé avec en paramètres : []
2017-08-24 16:25:07,026 INFO  [CompteDaoJpaWithSpring] load appelé avec en paramètres : [2]
2017-08-24 16:25:07,033 INFO  [CompteDaoJpaWithSpring] save appelé avec en paramètres : [No=3 solde=100.0 decouvert autorisé=100.0]
2017-08-24 16:25:07,038 INFO  [CompteDaoJpaWithSpring] save appelé avec en paramètres : [No=4 solde=100.0 decouvert autorisé=100.0]
2017-08-24 16:25:07,044 INFO  [CompteDaoJpaWithSpring] load appelé avec en paramètres : [3]
2017-08-24 16:25:07,053 INFO  [CompteDaoJpaWithSpring] load appelé avec en paramètres : [4]
2017-08-24 16:25:07,067 INFO  [CompteDaoJpaWithSpring] load appelé avec en paramètres : [3]
2017-08-24 16:25:07,071 INFO  [CompteDaoJpaWithSpring] load appelé avec en paramètres : [4]
